[01-Jul-2014 17:08:45 America/Bogota] sql--->UPDATE reserva_equipo SET fk_equipo=1, fk_usuario='2', color='#210B61', estado=1, observaciones='modificado', fk_responsable='147' 
                                        WHERE fk_usuario, fk_responsable , TO_CHAR(fecha_inicio,'HH24:MI'),TO_CHAR(fecha_fin,'HH24:MI') =(select fk_usuario,fk_responsable,TO_CHAR(fecha_inicio,'HH24:MI'),TO_CHAR(fecha_fin,'HH24:MI') from datos_originales(351));
[01-Jul-2014 17:08:45 America/Bogota] ¡Pilas! Array
(
    [0] => 42601
    [1] => 7
    [2] => ERROR:  error de sintaxis en o cerca de «,»
LINE 2: ...                                  WHERE fk_usuario, fk_respo...
                                                             ^
)

[01-Jul-2014 17:08:45 America/Bogota] ¡Pilas! Array
(
    [0] => 42601
    [1] => 7
    [2] => ERROR:  error de sintaxis en o cerca de «,»
LINE 2: ...                                  WHERE fk_usuario, fk_respo...
                                                             ^
)

[01-Jul-2014 17:08:58 America/Bogota] Usuario->verificarEstado
[01-Jul-2014 17:13:35 America/Bogota]      where-------------------------- --> 0
[01-Jul-2014 17:13:37 America/Bogota]      where-------------------------- --> 1
[01-Jul-2014 17:13:48 America/Bogota] sql--->UPDATE reserva_equipo SET fk_equipo=1, fk_usuario='2', color='#210B61', estado=1, observaciones='nuevo', fk_responsable='147' 
                                        WHERE (fk_usuario, fk_responsable , TO_CHAR(fecha_inicio,'HH24:MI'),TO_CHAR(fecha_fin,'HH24:MI')) =(select fk_usuario,fk_responsable,TO_CHAR(fecha_inicio,'HH24:MI'),TO_CHAR(fecha_fin,'HH24:MI') from datos_originales(351));
[01-Jul-2014 17:13:48 America/Bogota] ¡Pilas! Array
(
    [0] => 00000
    [1] => 
    [2] => 
)

[01-Jul-2014 17:13:48 America/Bogota]      where-------------------------- --> 1
[01-Jul-2014 17:14:32 America/Bogota] Usuario->verificarEstado
